build/app/intermediates/manifest_merge_blame_file/release/manifest-merger-blame-release-report.txt
1<?xml version="1.0" encoding="utf-8"?>
2<manifest xmlns:android="http://schemas.android.com/apk/res/android"
3    package="com.smartlinx.mobile"
4    android:versionCode="1"
5    android:versionName="1.2.3" >
6
7    <uses-sdk
8        android:minSdkVersion="21"
8-->src\main\AndroidManifest.xml
9        android:targetSdkVersion="34" />
9-->src\main\AndroidManifest.xml
10
11    <!-- Aggiungi questa riga per richiedere l'autorizzazione alla fotocamera -->
12    <uses-permission android:name="android.permission.CAMERA" />
12-->src\main\AndroidManifest.xml:5:5-65
12-->src\main\AndroidManifest.xml:5:22-62
13    <uses-permission android:name="android.permission.INTERNET" />
13-->src\main\AndroidManifest.xml:6:5-66
13-->src\main\AndroidManifest.xml:6:22-64
14    <uses-permission android:name="android.permission.VIBRATE" />
14-->[:vibration] AndroidManifest.xml:9:5-66
14-->[:vibration] AndroidManifest.xml:9:22-63
15
16    <queries>
16-->[com.facebook.android:facebook-common:17.0.0] AndroidManifest.xml:17:5-19:15
17        <package android:name="com.facebook.katana" />
17-->[com.facebook.android:facebook-common:17.0.0] AndroidManifest.xml:18:9-55
17-->[com.facebook.android:facebook-common:17.0.0] AndroidManifest.xml:18:18-52
18    </queries>
19
20    <uses-permission android:name="android.permission.ACCESS_NETWORK_STATE" />
20-->[com.google.firebase:firebase-auth:22.3.1] AndroidManifest.xml:26:5-79
20-->[com.google.firebase:firebase-auth:22.3.1] AndroidManifest.xml:26:22-76
21    <uses-permission android:name="com.google.android.providers.gsf.permission.READ_GSERVICES" />
21-->[com.google.android.recaptcha:recaptcha:18.4.0] AndroidManifest.xml:9:5-98
21-->[com.google.android.recaptcha:recaptcha:18.4.0] AndroidManifest.xml:9:22-95
22    <uses-permission android:name="com.google.android.gms.permission.AD_ID" />
22-->[com.facebook.android:facebook-core:17.0.0] AndroidManifest.xml:16:5-79
22-->[com.facebook.android:facebook-core:17.0.0] AndroidManifest.xml:16:22-76
23
24    <permission
24-->[androidx.core:core:1.10.1] AndroidManifest.xml:22:5-24:47
25        android:name="com.smartlinx.mobile.DYNAMIC_RECEIVER_NOT_EXPORTED_PERMISSION"
25-->[androidx.core:core:1.10.1] AndroidManifest.xml:23:9-81
26        android:protectionLevel="signature" />
26-->[androidx.core:core:1.10.1] AndroidManifest.xml:24:9-44
27
28    <uses-permission android:name="com.smartlinx.mobile.DYNAMIC_RECEIVER_NOT_EXPORTED_PERMISSION" />
28-->[androidx.core:core:1.10.1] AndroidManifest.xml:26:5-97
28-->[androidx.core:core:1.10.1] AndroidManifest.xml:26:22-94
29    <uses-permission android:name="com.google.android.finsky.permission.BIND_GET_INSTALL_REFERRER_SERVICE" />
29-->[com.android.installreferrer:installreferrer:1.0] AndroidManifest.xml:9:5-110
29-->[com.android.installreferrer:installreferrer:1.0] AndroidManifest.xml:9:22-107
30
31    <application
32        android:name="android.app.Application"
32-->src\main\AndroidManifest.xml:10:9-42
33        android:appComponentFactory="androidx.core.app.CoreComponentFactory"
33-->[androidx.core:core:1.10.1] AndroidManifest.xml:28:18-86
34        android:enableOnBackInvokedCallback="true"
34-->src\main\AndroidManifest.xml:12:9-51
35        android:icon="@mipmap/ic_launcher"
35-->src\main\AndroidManifest.xml:11:9-43
36        android:label="SmartLinx"
36-->src\main\AndroidManifest.xml:9:9-34
37        android:supportsRtl="true" >
37-->[com.facebook.android:facebook-login:17.0.0] AndroidManifest.xml:16:18-44
38
39        <!-- altre configurazioni -->
40        <meta-data
40-->src\main\AndroidManifest.xml:14:9-107
41            android:name="com.facebook.sdk.ApplicationId"
41-->src\main\AndroidManifest.xml:14:20-65
42            android:value="@string/facebook_app_id" />
42-->src\main\AndroidManifest.xml:14:66-105
43        <meta-data
43-->src\main\AndroidManifest.xml:15:9-111
44            android:name="com.facebook.sdk.ClientToken"
44-->src\main\AndroidManifest.xml:15:20-63
45            android:value="@string/facebook_client_token" />
45-->src\main\AndroidManifest.xml:15:64-109
46
47        <activity
47-->src\main\AndroidManifest.xml:16:9-33:20
48            android:name="com.example.smartlinx.MainActivity"
48-->src\main\AndroidManifest.xml:17:13-41
49            android:configChanges="orientation|keyboardHidden|keyboard|screenSize|smallestScreenSize|locale|layoutDirection|fontScale|screenLayout|density|uiMode"
49-->src\main\AndroidManifest.xml:21:13-163
50            android:exported="true"
50-->src\main\AndroidManifest.xml:18:13-36
51            android:hardwareAccelerated="true"
51-->src\main\AndroidManifest.xml:22:13-47
52            android:launchMode="singleTop"
52-->src\main\AndroidManifest.xml:19:13-43
53            android:theme="@style/LaunchTheme"
53-->src\main\AndroidManifest.xml:20:13-47
54            android:windowSoftInputMode="adjustResize" >
54-->src\main\AndroidManifest.xml:23:13-55
55
56            <!-- altre configurazioni -->
57            <meta-data
57-->src\main\AndroidManifest.xml:25:13-28:19
58                android:name="io.flutter.embedding.android.NormalTheme"
58-->src\main\AndroidManifest.xml:26:17-72
59                android:resource="@style/NormalTheme" />
59-->src\main\AndroidManifest.xml:27:17-54
60
61            <intent-filter>
61-->src\main\AndroidManifest.xml:29:13-32:29
62                <action android:name="android.intent.action.MAIN" />
62-->src\main\AndroidManifest.xml:30:17-68
62-->src\main\AndroidManifest.xml:30:25-66
63
64                <category android:name="android.intent.category.LAUNCHER" />
64-->src\main\AndroidManifest.xml:31:17-76
64-->src\main\AndroidManifest.xml:31:27-74
65            </intent-filter>
66        </activity>
67
68        <!-- altre configurazioni -->
69
70        <meta-data
70-->src\main\AndroidManifest.xml:37:9-39:33
71            android:name="flutterEmbedding"
71-->src\main\AndroidManifest.xml:38:13-44
72            android:value="2" />
72-->src\main\AndroidManifest.xml:39:13-30
73
74        <service
74-->[:firebase_auth] AndroidManifest.xml:10:9-14:19
75            android:name="com.google.firebase.components.ComponentDiscoveryService"
75-->[:firebase_auth] AndroidManifest.xml:10:18-89
76            android:directBootAware="true"
76-->[com.google.firebase:firebase-common:20.4.3] AndroidManifest.xml:32:13-43
77            android:exported="false" >
77-->[com.google.firebase:firebase-auth:22.3.1] AndroidManifest.xml:68:13-37
78            <meta-data
78-->[:firebase_auth] AndroidManifest.xml:11:13-13:85
79                android:name="com.google.firebase.components:io.flutter.plugins.firebase.auth.FlutterFirebaseAuthRegistrar"
79-->[:firebase_auth] AndroidManifest.xml:12:17-124
80                android:value="com.google.firebase.components.ComponentRegistrar" />
80-->[:firebase_auth] AndroidManifest.xml:13:17-82
81            <meta-data
81-->[:firebase_storage] AndroidManifest.xml:11:13-13:85
82                android:name="com.google.firebase.components:io.flutter.plugins.firebase.storage.FlutterFirebaseAppRegistrar"
82-->[:firebase_storage] AndroidManifest.xml:12:17-126
83                android:value="com.google.firebase.components.ComponentRegistrar" />
83-->[:firebase_storage] AndroidManifest.xml:13:17-82
84            <meta-data
84-->[:firebase_core] AndroidManifest.xml:11:13-13:85
85                android:name="com.google.firebase.components:io.flutter.plugins.firebase.core.FlutterFirebaseCoreRegistrar"
85-->[:firebase_core] AndroidManifest.xml:12:17-124
86                android:value="com.google.firebase.components.ComponentRegistrar" />
86-->[:firebase_core] AndroidManifest.xml:13:17-82
87            <meta-data
87-->[com.google.firebase:firebase-auth:22.3.1] AndroidManifest.xml:69:13-71:85
88                android:name="com.google.firebase.components:com.google.firebase.auth.FirebaseAuthRegistrar"
88-->[com.google.firebase:firebase-auth:22.3.1] AndroidManifest.xml:70:17-109
89                android:value="com.google.firebase.components.ComponentRegistrar" />
89-->[com.google.firebase:firebase-auth:22.3.1] AndroidManifest.xml:71:17-82
90            <meta-data
90-->[com.google.firebase:firebase-storage:20.3.0] AndroidManifest.xml:30:13-32:85
91                android:name="com.google.firebase.components:com.google.firebase.storage.FirebaseStorageKtxRegistrar"
91-->[com.google.firebase:firebase-storage:20.3.0] AndroidManifest.xml:31:17-118
92                android:value="com.google.firebase.components.ComponentRegistrar" />
92-->[com.google.firebase:firebase-storage:20.3.0] AndroidManifest.xml:32:17-82
93            <meta-data
93-->[com.google.firebase:firebase-storage:20.3.0] AndroidManifest.xml:33:13-35:85
94                android:name="com.google.firebase.components:com.google.firebase.storage.StorageRegistrar"
94-->[com.google.firebase:firebase-storage:20.3.0] AndroidManifest.xml:34:17-107
95                android:value="com.google.firebase.components.ComponentRegistrar" />
95-->[com.google.firebase:firebase-storage:20.3.0] AndroidManifest.xml:35:17-82
96            <meta-data
96-->[com.google.firebase:firebase-appcheck:17.1.2] AndroidManifest.xml:25:13-27:85
97                android:name="com.google.firebase.components:com.google.firebase.appcheck.FirebaseAppCheckKtxRegistrar"
97-->[com.google.firebase:firebase-appcheck:17.1.2] AndroidManifest.xml:26:17-120
98                android:value="com.google.firebase.components.ComponentRegistrar" />
98-->[com.google.firebase:firebase-appcheck:17.1.2] AndroidManifest.xml:27:17-82
99            <meta-data
99-->[com.google.firebase:firebase-appcheck:17.1.2] AndroidManifest.xml:28:13-30:85
100                android:name="com.google.firebase.components:com.google.firebase.appcheck.FirebaseAppCheckRegistrar"
100-->[com.google.firebase:firebase-appcheck:17.1.2] AndroidManifest.xml:29:17-117
101                android:value="com.google.firebase.components.ComponentRegistrar" />
101-->[com.google.firebase:firebase-appcheck:17.1.2] AndroidManifest.xml:30:17-82
102            <meta-data
102-->[com.google.firebase:firebase-common-ktx:20.4.3] AndroidManifest.xml:12:13-14:85
103                android:name="com.google.firebase.components:com.google.firebase.ktx.FirebaseCommonLegacyRegistrar"
103-->[com.google.firebase:firebase-common-ktx:20.4.3] AndroidManifest.xml:13:17-116
104                android:value="com.google.firebase.components.ComponentRegistrar" />
104-->[com.google.firebase:firebase-common-ktx:20.4.3] AndroidManifest.xml:14:17-82
105            <meta-data
105-->[com.google.firebase:firebase-common:20.4.3] AndroidManifest.xml:35:13-37:85
106                android:name="com.google.firebase.components:com.google.firebase.FirebaseCommonKtxRegistrar"
106-->[com.google.firebase:firebase-common:20.4.3] AndroidManifest.xml:36:17-109
107                android:value="com.google.firebase.components.ComponentRegistrar" />
107-->[com.google.firebase:firebase-common:20.4.3] AndroidManifest.xml:37:17-82
108        </service>
109
110        <provider
110-->[:image_picker_android] AndroidManifest.xml:11:9-19:20
111            android:name="io.flutter.plugins.imagepicker.ImagePickerFileProvider"
111-->[:image_picker_android] AndroidManifest.xml:12:13-82
112            android:authorities="com.smartlinx.mobile.flutter.image_provider"
112-->[:image_picker_android] AndroidManifest.xml:13:13-74
113            android:exported="false"
113-->[:image_picker_android] AndroidManifest.xml:14:13-37
114            android:grantUriPermissions="true" >
114-->[:image_picker_android] AndroidManifest.xml:15:13-47
115            <meta-data
115-->[:image_picker_android] AndroidManifest.xml:16:13-18:75
116                android:name="android.support.FILE_PROVIDER_PATHS"
116-->[:image_picker_android] AndroidManifest.xml:17:17-67
117                android:resource="@xml/flutter_image_picker_file_paths" />
117-->[:image_picker_android] AndroidManifest.xml:18:17-72
118        </provider> <!-- Trigger Google Play services to install the backported photo picker module. -->
119        <service
119-->[:image_picker_android] AndroidManifest.xml:21:9-33:19
120            android:name="com.google.android.gms.metadata.ModuleDependencies"
120-->[:image_picker_android] AndroidManifest.xml:22:13-78
121            android:enabled="false"
121-->[:image_picker_android] AndroidManifest.xml:23:13-36
122            android:exported="false" >
122-->[:image_picker_android] AndroidManifest.xml:24:13-37
123            <intent-filter>
123-->[:image_picker_android] AndroidManifest.xml:26:13-28:29
124                <action android:name="com.google.android.gms.metadata.MODULE_DEPENDENCIES" />
124-->[:image_picker_android] AndroidManifest.xml:27:17-94
124-->[:image_picker_android] AndroidManifest.xml:27:25-91
125            </intent-filter>
126
127            <meta-data
127-->[:image_picker_android] AndroidManifest.xml:30:13-32:36
128                android:name="photopicker_activity:0:required"
128-->[:image_picker_android] AndroidManifest.xml:31:17-63
129                android:value="" />
129-->[:image_picker_android] AndroidManifest.xml:32:17-33
130        </service>
131
132        <activity
132-->[:url_launcher_android] AndroidManifest.xml:10:9-13:74
133            android:name="io.flutter.plugins.urllauncher.WebViewActivity"
133-->[:url_launcher_android] AndroidManifest.xml:11:13-74
134            android:exported="false"
134-->[:url_launcher_android] AndroidManifest.xml:12:13-37
135            android:theme="@android:style/Theme.NoTitleBar.Fullscreen" />
135-->[:url_launcher_android] AndroidManifest.xml:13:13-71
136        <activity
136-->[com.facebook.android:facebook-common:17.0.0] AndroidManifest.xml:22:9-25:66
137            android:name="com.facebook.FacebookActivity"
137-->[com.facebook.android:facebook-common:17.0.0] AndroidManifest.xml:23:13-57
138            android:configChanges="keyboard|keyboardHidden|screenLayout|screenSize|orientation"
138-->[com.facebook.android:facebook-common:17.0.0] AndroidManifest.xml:24:13-96
139            android:theme="@style/com_facebook_activity_theme" />
139-->[com.facebook.android:facebook-common:17.0.0] AndroidManifest.xml:25:13-63
140        <activity android:name="com.facebook.CustomTabMainActivity" />
140-->[com.facebook.android:facebook-common:17.0.0] AndroidManifest.xml:26:9-71
140-->[com.facebook.android:facebook-common:17.0.0] AndroidManifest.xml:26:19-68
141        <activity
141-->[com.facebook.android:facebook-common:17.0.0] AndroidManifest.xml:27:9-41:20
142            android:name="com.facebook.CustomTabActivity"
142-->[com.facebook.android:facebook-common:17.0.0] AndroidManifest.xml:28:13-58
143            android:exported="true" >
143-->[com.facebook.android:facebook-common:17.0.0] AndroidManifest.xml:29:13-36
144            <intent-filter>
144-->[com.facebook.android:facebook-common:17.0.0] AndroidManifest.xml:31:13-40:29
145                <action android:name="android.intent.action.VIEW" />
145-->[com.facebook.android:facebook-common:17.0.0] AndroidManifest.xml:32:17-69
145-->[com.facebook.android:facebook-common:17.0.0] AndroidManifest.xml:32:25-66
146
147                <category android:name="android.intent.category.DEFAULT" />
147-->[com.facebook.android:facebook-common:17.0.0] AndroidManifest.xml:34:17-76
147-->[com.facebook.android:facebook-common:17.0.0] AndroidManifest.xml:34:27-73
148                <category android:name="android.intent.category.BROWSABLE" />
148-->[com.facebook.android:facebook-common:17.0.0] AndroidManifest.xml:35:17-78
148-->[com.facebook.android:facebook-common:17.0.0] AndroidManifest.xml:35:27-75
149
150                <data
150-->[com.facebook.android:facebook-common:17.0.0] AndroidManifest.xml:37:17-39:50
151                    android:host="cct.com.smartlinx.mobile"
151-->[com.facebook.android:facebook-common:17.0.0] AndroidManifest.xml:38:21-56
152                    android:scheme="fbconnect" />
152-->[com.facebook.android:facebook-common:17.0.0] AndroidManifest.xml:39:21-47
153            </intent-filter>
154        </activity>
155        <activity
155-->[com.google.android.gms:play-services-auth:21.0.0] AndroidManifest.xml:23:9-27:75
156            android:name="com.google.android.gms.auth.api.signin.internal.SignInHubActivity"
156-->[com.google.android.gms:play-services-auth:21.0.0] AndroidManifest.xml:24:13-93
157            android:excludeFromRecents="true"
157-->[com.google.android.gms:play-services-auth:21.0.0] AndroidManifest.xml:25:13-46
158            android:exported="false"
158-->[com.google.android.gms:play-services-auth:21.0.0] AndroidManifest.xml:26:13-37
159            android:theme="@android:style/Theme.Translucent.NoTitleBar" />
159-->[com.google.android.gms:play-services-auth:21.0.0] AndroidManifest.xml:27:13-72
160        <!--
161            Service handling Google Sign-In user revocation. For apps that do not integrate with
162            Google Sign-In, this service will never be started.
163        -->
164        <service
164-->[com.google.android.gms:play-services-auth:21.0.0] AndroidManifest.xml:33:9-37:51
165            android:name="com.google.android.gms.auth.api.signin.RevocationBoundService"
165-->[com.google.android.gms:play-services-auth:21.0.0] AndroidManifest.xml:34:13-89
166            android:exported="true"
166-->[com.google.android.gms:play-services-auth:21.0.0] AndroidManifest.xml:35:13-36
167            android:permission="com.google.android.gms.auth.api.signin.permission.REVOCATION_NOTIFICATION"
167-->[com.google.android.gms:play-services-auth:21.0.0] AndroidManifest.xml:36:13-107
168            android:visibleToInstantApps="true" />
168-->[com.google.android.gms:play-services-auth:21.0.0] AndroidManifest.xml:37:13-48
169
170        <activity
170-->[com.google.firebase:firebase-auth:22.3.1] AndroidManifest.xml:29:9-46:20
171            android:name="com.google.firebase.auth.internal.GenericIdpActivity"
171-->[com.google.firebase:firebase-auth:22.3.1] AndroidManifest.xml:30:13-80
172            android:excludeFromRecents="true"
172-->[com.google.firebase:firebase-auth:22.3.1] AndroidManifest.xml:31:13-46
173            android:exported="true"
173-->[com.google.firebase:firebase-auth:22.3.1] AndroidManifest.xml:32:13-36
174            android:launchMode="singleTask"
174-->[com.google.firebase:firebase-auth:22.3.1] AndroidManifest.xml:33:13-44
175            android:theme="@android:style/Theme.Translucent.NoTitleBar" >
175-->[com.google.firebase:firebase-auth:22.3.1] AndroidManifest.xml:34:13-72
176            <intent-filter>
176-->[com.google.firebase:firebase-auth:22.3.1] AndroidManifest.xml:35:13-45:29
177                <action android:name="android.intent.action.VIEW" />
177-->[com.facebook.android:facebook-common:17.0.0] AndroidManifest.xml:32:17-69
177-->[com.facebook.android:facebook-common:17.0.0] AndroidManifest.xml:32:25-66
178
179                <category android:name="android.intent.category.DEFAULT" />
179-->[com.facebook.android:facebook-common:17.0.0] AndroidManifest.xml:34:17-76
179-->[com.facebook.android:facebook-common:17.0.0] AndroidManifest.xml:34:27-73
180                <category android:name="android.intent.category.BROWSABLE" />
180-->[com.facebook.android:facebook-common:17.0.0] AndroidManifest.xml:35:17-78
180-->[com.facebook.android:facebook-common:17.0.0] AndroidManifest.xml:35:27-75
181
182                <data
182-->[com.facebook.android:facebook-common:17.0.0] AndroidManifest.xml:37:17-39:50
183                    android:host="firebase.auth"
183-->[com.facebook.android:facebook-common:17.0.0] AndroidManifest.xml:38:21-56
184                    android:path="/"
185                    android:scheme="genericidp" />
185-->[com.facebook.android:facebook-common:17.0.0] AndroidManifest.xml:39:21-47
186            </intent-filter>
187        </activity>
188        <activity
188-->[com.google.firebase:firebase-auth:22.3.1] AndroidManifest.xml:47:9-64:20
189            android:name="com.google.firebase.auth.internal.RecaptchaActivity"
189-->[com.google.firebase:firebase-auth:22.3.1] AndroidManifest.xml:48:13-79
190            android:excludeFromRecents="true"
190-->[com.google.firebase:firebase-auth:22.3.1] AndroidManifest.xml:49:13-46
191            android:exported="true"
191-->[com.google.firebase:firebase-auth:22.3.1] AndroidManifest.xml:50:13-36
192            android:launchMode="singleTask"
192-->[com.google.firebase:firebase-auth:22.3.1] AndroidManifest.xml:51:13-44
193            android:theme="@android:style/Theme.Translucent.NoTitleBar" >
193-->[com.google.firebase:firebase-auth:22.3.1] AndroidManifest.xml:52:13-72
194            <intent-filter>
194-->[com.google.firebase:firebase-auth:22.3.1] AndroidManifest.xml:53:13-63:29
195                <action android:name="android.intent.action.VIEW" />
195-->[com.facebook.android:facebook-common:17.0.0] AndroidManifest.xml:32:17-69
195-->[com.facebook.android:facebook-common:17.0.0] AndroidManifest.xml:32:25-66
196
197                <category android:name="android.intent.category.DEFAULT" />
197-->[com.facebook.android:facebook-common:17.0.0] AndroidManifest.xml:34:17-76
197-->[com.facebook.android:facebook-common:17.0.0] AndroidManifest.xml:34:27-73
198                <category android:name="android.intent.category.BROWSABLE" />
198-->[com.facebook.android:facebook-common:17.0.0] AndroidManifest.xml:35:17-78
198-->[com.facebook.android:facebook-common:17.0.0] AndroidManifest.xml:35:27-75
199
200                <data
200-->[com.facebook.android:facebook-common:17.0.0] AndroidManifest.xml:37:17-39:50
201                    android:host="firebase.auth"
201-->[com.facebook.android:facebook-common:17.0.0] AndroidManifest.xml:38:21-56
202                    android:path="/"
203                    android:scheme="recaptcha" />
203-->[com.facebook.android:facebook-common:17.0.0] AndroidManifest.xml:39:21-47
204            </intent-filter>
205        </activity>
206
207        <provider
207-->[com.google.firebase:firebase-common:20.4.3] AndroidManifest.xml:23:9-28:39
208            android:name="com.google.firebase.provider.FirebaseInitProvider"
208-->[com.google.firebase:firebase-common:20.4.3] AndroidManifest.xml:24:13-77
209            android:authorities="com.smartlinx.mobile.firebaseinitprovider"
209-->[com.google.firebase:firebase-common:20.4.3] AndroidManifest.xml:25:13-72
210            android:directBootAware="true"
210-->[com.google.firebase:firebase-common:20.4.3] AndroidManifest.xml:26:13-43
211            android:exported="false"
211-->[com.google.firebase:firebase-common:20.4.3] AndroidManifest.xml:27:13-37
212            android:initOrder="100" />
212-->[com.google.firebase:firebase-common:20.4.3] AndroidManifest.xml:28:13-36
213
214        <service
214-->[com.google.android.gms:play-services-mlkit-barcode-scanning:18.0.0] AndroidManifest.xml:9:9-15:19
215            android:name="com.google.mlkit.common.internal.MlKitComponentDiscoveryService"
215-->[com.google.android.gms:play-services-mlkit-barcode-scanning:18.0.0] AndroidManifest.xml:10:13-91
216            android:directBootAware="true"
216-->[com.google.mlkit:common:18.0.0] AndroidManifest.xml:17:13-43
217            android:exported="false" >
217-->[com.google.android.gms:play-services-mlkit-barcode-scanning:18.0.0] AndroidManifest.xml:11:13-37
218            <meta-data
218-->[com.google.android.gms:play-services-mlkit-barcode-scanning:18.0.0] AndroidManifest.xml:12:13-14:85
219                android:name="com.google.firebase.components:com.google.mlkit.vision.barcode.internal.BarcodeRegistrar"
219-->[com.google.android.gms:play-services-mlkit-barcode-scanning:18.0.0] AndroidManifest.xml:13:17-120
220                android:value="com.google.firebase.components.ComponentRegistrar" />
220-->[com.google.android.gms:play-services-mlkit-barcode-scanning:18.0.0] AndroidManifest.xml:14:17-82
221            <meta-data
221-->[com.google.mlkit:vision-common:17.0.0] AndroidManifest.xml:12:13-14:85
222                android:name="com.google.firebase.components:com.google.mlkit.vision.common.internal.VisionCommonRegistrar"
222-->[com.google.mlkit:vision-common:17.0.0] AndroidManifest.xml:13:17-124
223                android:value="com.google.firebase.components.ComponentRegistrar" />
223-->[com.google.mlkit:vision-common:17.0.0] AndroidManifest.xml:14:17-82
224            <meta-data
224-->[com.google.mlkit:common:18.0.0] AndroidManifest.xml:20:13-22:85
225                android:name="com.google.firebase.components:com.google.mlkit.common.internal.CommonComponentRegistrar"
225-->[com.google.mlkit:common:18.0.0] AndroidManifest.xml:21:17-120
226                android:value="com.google.firebase.components.ComponentRegistrar" />
226-->[com.google.mlkit:common:18.0.0] AndroidManifest.xml:22:17-82
227        </service>
228
229        <provider
229-->[com.google.mlkit:common:18.0.0] AndroidManifest.xml:9:9-13:38
230            android:name="com.google.mlkit.common.internal.MlKitInitProvider"
230-->[com.google.mlkit:common:18.0.0] AndroidManifest.xml:10:13-78
231            android:authorities="com.smartlinx.mobile.mlkitinitprovider"
231-->[com.google.mlkit:common:18.0.0] AndroidManifest.xml:11:13-69
232            android:exported="false"
232-->[com.google.mlkit:common:18.0.0] AndroidManifest.xml:12:13-37
233            android:initOrder="99" />
233-->[com.google.mlkit:common:18.0.0] AndroidManifest.xml:13:13-35
234
235        <service
235-->[androidx.camera:camera-camera2:1.1.0] AndroidManifest.xml:26:9-35:19
236            android:name="androidx.camera.core.impl.MetadataHolderService"
236-->[androidx.camera:camera-camera2:1.1.0] AndroidManifest.xml:27:13-75
237            android:enabled="false"
237-->[androidx.camera:camera-camera2:1.1.0] AndroidManifest.xml:28:13-36
238            android:exported="false" >
238-->[androidx.camera:camera-camera2:1.1.0] AndroidManifest.xml:29:13-37
239            <meta-data
239-->[androidx.camera:camera-camera2:1.1.0] AndroidManifest.xml:32:13-34:89
240                android:name="androidx.camera.core.impl.MetadataHolderService.DEFAULT_CONFIG_PROVIDER"
240-->[androidx.camera:camera-camera2:1.1.0] AndroidManifest.xml:33:17-103
241                android:value="androidx.camera.camera2.Camera2Config$DefaultProvider" />
241-->[androidx.camera:camera-camera2:1.1.0] AndroidManifest.xml:34:17-86
242        </service>
243        <!--
244         The initialization ContentProvider will call FacebookSdk.sdkInitialize automatically
245         with the application context. This config is merged in with the host app's manifest,
246         but there can only be one provider with the same authority activated at any given
247         point; so if the end user has two or more different apps that use Facebook SDK, only the
248         first one will be able to use the provider. To work around this problem, we use the
249         following placeholder in the authority to identify each host application as if it was
250         a completely different provider.
251        -->
252        <provider
252-->[com.facebook.android:facebook-core:17.0.0] AndroidManifest.xml:29:9-32:40
253            android:name="com.facebook.internal.FacebookInitProvider"
253-->[com.facebook.android:facebook-core:17.0.0] AndroidManifest.xml:30:13-70
254            android:authorities="com.smartlinx.mobile.FacebookInitProvider"
254-->[com.facebook.android:facebook-core:17.0.0] AndroidManifest.xml:31:13-72
255            android:exported="false" />
255-->[com.facebook.android:facebook-core:17.0.0] AndroidManifest.xml:32:13-37
256
257        <receiver
257-->[com.facebook.android:facebook-core:17.0.0] AndroidManifest.xml:34:9-40:20
258            android:name="com.facebook.CurrentAccessTokenExpirationBroadcastReceiver"
258-->[com.facebook.android:facebook-core:17.0.0] AndroidManifest.xml:35:13-86
259            android:exported="false" >
259-->[com.facebook.android:facebook-core:17.0.0] AndroidManifest.xml:36:13-37
260            <intent-filter>
260-->[com.facebook.android:facebook-core:17.0.0] AndroidManifest.xml:37:13-39:29
261                <action android:name="com.facebook.sdk.ACTION_CURRENT_ACCESS_TOKEN_CHANGED" />
261-->[com.facebook.android:facebook-core:17.0.0] AndroidManifest.xml:38:17-95
261-->[com.facebook.android:facebook-core:17.0.0] AndroidManifest.xml:38:25-92
262            </intent-filter>
263        </receiver>
264        <receiver
264-->[com.facebook.android:facebook-core:17.0.0] AndroidManifest.xml:41:9-47:20
265            android:name="com.facebook.AuthenticationTokenManager$CurrentAuthenticationTokenChangedBroadcastReceiver"
265-->[com.facebook.android:facebook-core:17.0.0] AndroidManifest.xml:42:13-118
266            android:exported="false" >
266-->[com.facebook.android:facebook-core:17.0.0] AndroidManifest.xml:43:13-37
267            <intent-filter>
267-->[com.facebook.android:facebook-core:17.0.0] AndroidManifest.xml:44:13-46:29
268                <action android:name="com.facebook.sdk.ACTION_CURRENT_AUTHENTICATION_TOKEN_CHANGED" />
268-->[com.facebook.android:facebook-core:17.0.0] AndroidManifest.xml:45:17-103
268-->[com.facebook.android:facebook-core:17.0.0] AndroidManifest.xml:45:25-100
269            </intent-filter>
270        </receiver>
271
272        <uses-library
272-->[androidx.window:window:1.0.0-beta04] AndroidManifest.xml:25:9-27:40
273            android:name="androidx.window.extensions"
273-->[androidx.window:window:1.0.0-beta04] AndroidManifest.xml:26:13-54
274            android:required="false" />
274-->[androidx.window:window:1.0.0-beta04] AndroidManifest.xml:27:13-37
275        <uses-library
275-->[androidx.window:window:1.0.0-beta04] AndroidManifest.xml:28:9-30:40
276            android:name="androidx.window.sidecar"
276-->[androidx.window:window:1.0.0-beta04] AndroidManifest.xml:29:13-51
277            android:required="false" />
277-->[androidx.window:window:1.0.0-beta04] AndroidManifest.xml:30:13-37
278
279        <activity
279-->[com.google.android.gms:play-services-base:18.1.0] AndroidManifest.xml:20:9-22:45